worker :	2021/02/20 19:48:41 Beginning log for worker 
worker :	2021/02/20 19:48:41 Listening on port 5002...
worker :	2021/02/20 19:48:41 Beginning log for worker 
worker :	2021/02/20 19:48:41 Beginning log for worker 
worker :	2021/02/20 19:48:41 Listening on port 5000...
worker :	2021/02/20 19:48:41 Listening on port 5001...
worker :	2021/02/20 19:48:41 Beginning log for worker 
worker :	2021/02/20 19:48:41 Listening on port 5003...
server :	2021/02/20 19:48:42 Beginning log for server 
server :	2021/02/20 19:48:42 Reading config: 127.0.0.1:5000
server :	2021/02/20 19:48:42 Reading config: 127.0.0.1:5001
server :	2021/02/20 19:48:42 Reading config: 127.0.0.1:5002
server :	2021/02/20 19:48:42 Reading config: 127.0.0.1:5003
server :	2021/02/20 19:48:42 Establishing connection with 127.0.0.1:5000 (node 1)...
server :	2021/02/20 19:48:42 Connection established with 127.0.0.1:5000 (node 1).
server :	2021/02/20 19:48:42 Establishing connection with 127.0.0.1:5001 (node 2)...
worker :	2021/02/20 19:48:42 Accepted incoming connection 127.0.0.1:5000<-127.0.0.1:33962
server :	2021/02/20 19:48:42 Connection established with 127.0.0.1:5001 (node 2).
worker :	2021/02/20 19:48:42 Accepted incoming connection 127.0.0.1:5001<-127.0.0.1:36398
server :	2021/02/20 19:48:42 Establishing connection with 127.0.0.1:5002 (node 3)...
server :	2021/02/20 19:48:42 Connection established with 127.0.0.1:5002 (node 3).
worker :	2021/02/20 19:48:42 Accepted incoming connection 127.0.0.1:5002<-127.0.0.1:35684
server :	2021/02/20 19:48:42 Establishing connection with 127.0.0.1:5003 (node 4)...
server :	2021/02/20 19:48:42 Connection established with 127.0.0.1:5003 (node 4).
worker :	2021/02/20 19:48:42 Accepted incoming connection 127.0.0.1:5003<-127.0.0.1:52312
server :	2021/02/20 19:48:42 Sending handshake to node 1
worker1:	2021/02/20 19:48:42 Got node index 1, 5 total nodes.
worker1:	2021/02/20 19:48:42 Node 2 has address of 0.0.0.0:5001
server :	2021/02/20 19:48:42 Sending handshake to node 2
worker2:	2021/02/20 19:48:42 Got node index 2, 5 total nodes.
server :	2021/02/20 19:48:42 Sending handshake to node 3
worker2:	2021/02/20 19:48:42 Node 3 has address of 0.0.0.0:5002
worker3:	2021/02/20 19:48:42 Got node index 3, 5 total nodes.
server :	2021/02/20 19:48:42 Sending handshake to node 4
worker3:	2021/02/20 19:48:42 Node 4 has address of 0.0.0.0:5003
worker1:	2021/02/20 19:48:42 Node 3 has address of 0.0.0.0:5002
worker2:	2021/02/20 19:48:42 Accepted incoming connection 127.0.0.1:5001<-127.0.0.1:36404
worker4:	2021/02/20 19:48:42 Got node index 4, 5 total nodes.
worker2:	2021/02/20 19:48:42 Node 4 has address of 0.0.0.0:5003
worker1:	2021/02/20 19:48:42 Waiting on setupWg...
worker2:	2021/02/20 19:48:42 Waiting on setupWg...
worker2:	2021/02/20 19:48:42 Received dial from 1
worker3:	2021/02/20 19:48:42 Accepted incoming connection 127.0.0.1:5002<-127.0.0.1:35690
worker3:	2021/02/20 19:48:42 Accepted incoming connection 127.0.0.1:5002<-127.0.0.1:35694
worker3:	2021/02/20 19:48:42 Waiting on setupWg...
worker3:	2021/02/20 19:48:42 Received dial from 2
worker3:	2021/02/20 19:48:42 Receiving subgraph...
worker4:	2021/02/20 19:48:42 Receiving subgraph...
worker2:	2021/02/20 19:48:42 Receiving subgraph...
worker4:	2021/02/20 19:48:42 Accepted incoming connection 127.0.0.1:5003<-127.0.0.1:52318
worker3:	2021/02/20 19:48:42 Finished receiving subgraph (vertices 50-74).
worker4:	2021/02/20 19:48:42 Accepted incoming connection 127.0.0.1:5003<-127.0.0.1:52322
worker2:	2021/02/20 19:48:42 Handshake complete
worker4:	2021/02/20 19:48:42 Finished receiving subgraph (vertices 75-99).
worker2:	2021/02/20 19:48:42 Finished receiving subgraph (vertices 25-49).
worker4:	2021/02/20 19:48:42 Received dial from 3
worker3:	2021/02/20 19:48:42 Received dial from 1
worker1:	2021/02/20 19:48:42 Node 4 has address of 0.0.0.0:5003
worker2:	2021/02/20 19:48:42 Waiting on startColoringWg...
worker3:	2021/02/20 19:48:42 Handshake complete
server :	2021/02/20 19:48:42 Node 2 has completed handshake.
worker4:	2021/02/20 19:48:42 Received dial from 2
server :	2021/02/20 19:48:42 Node 3 has completed handshake.
worker3:	2021/02/20 19:48:42 Waiting on startColoringWg...
worker1:	2021/02/20 19:48:42 Receiving subgraph...
worker1:	2021/02/20 19:48:42 Handshake complete
worker1:	2021/02/20 19:48:42 Finished receiving subgraph (vertices 0-24).
worker4:	2021/02/20 19:48:42 Accepted incoming connection 127.0.0.1:5003<-127.0.0.1:52324
worker1:	2021/02/20 19:48:42 Waiting on startColoringWg...
server :	2021/02/20 19:48:42 Node 1 has completed handshake.
worker4:	2021/02/20 19:48:42 Waiting on setupWg...
worker4:	2021/02/20 19:48:42 Received dial from 1
worker4:	2021/02/20 19:48:42 Handshake complete
worker4:	2021/02/20 19:48:42 Waiting on startColoringWg...
server :	2021/02/20 19:48:42 Node 4 has completed handshake.
server :	2021/02/20 19:48:42 All nodes have completed handshake.
worker1:	2021/02/20 19:48:42 Received signal to begin coloring.
worker2:	2021/02/20 19:48:42 Received signal to begin coloring.
worker1:	2021/02/20 19:48:42 Beginning coloring...
worker3:	2021/02/20 19:48:42 Received signal to begin coloring.
worker2:	2021/02/20 19:48:42 Beginning coloring...
worker4:	2021/02/20 19:48:42 Received signal to begin coloring.
worker3:	2021/02/20 19:48:42 Beginning coloring...
worker4:	2021/02/20 19:48:42 Beginning coloring...
worker4:	2021/02/20 19:48:42 
75: 0; 96, 99, 11, 13, 26, 50, 59, 86, 76, 
76: 0; 5, 6, 12, 18, 31, 44, 46, 59, 75, 
77: 0; 95, 11, 13, 15, 44, 52, 57, 72, 73, 
78: 0; 93, 21, 26, 30, 36, 38, 51, 55, 
79: 0; 95, 97, 0, 7, 12, 15, 25, 31, 39, 43, 44, 62, 64, 72, 
80: 0; 93, 94, 0, 10, 34, 42, 48, 65, 87, 
81: 0; 10, 11, 36, 46, 65, 67, 
82: 0; 98, 8, 10, 15, 20, 27, 32, 34, 44, 51, 59, 70, 
83: 0; 5, 23, 30, 35, 42, 49, 55, 62, 87, 89, 
84: 0; 4, 14, 15, 23, 31, 36, 41, 55, 59, 88, 
85: 0; 92, 5, 13, 18, 23, 41, 
86: 0; 0, 1, 18, 32, 39, 47, 54, 57, 69, 75, 
87: 0; 0, 1, 2, 10, 24, 37, 43, 48, 64, 73, 80, 83, 89, 
88: 0; 91, 97, 5, 7, 12, 15, 26, 30, 50, 84, 
89: 0; 2, 8, 12, 18, 25, 32, 37, 44, 48, 66, 83, 87, 
90: 0; 2, 37, 50, 62, 71, 
91: 0; 2, 17, 21, 42, 43, 51, 60, 61, 63, 88, 97, 
92: 0; 3, 14, 29, 61, 72, 85, 
93: 0; 11, 21, 24, 31, 34, 46, 48, 58, 70, 73, 74, 78, 80, 96, 97, 
94: 0; 28, 38, 51, 58, 66, 72, 73, 80, 
95: 0; 8, 18, 19, 44, 69, 77, 79, 
96: 0; 2, 17, 23, 28, 38, 45, 47, 59, 67, 75, 93, 97, 
97: 0; 4, 7, 11, 19, 23, 32, 42, 66, 79, 88, 91, 93, 96, 
98: 0; 1, 13, 16, 30, 34, 54, 72, 82, 
99: 0; 2, 8, 15, 18, 23, 32, 36, 41, 64, 75, 

worker4:	2021/02/20 19:48:42 Synchronizing start of round...
worker1:	2021/02/20 19:48:42 
0: 0; 52, 32, 59, 12, 79, 69, 80, 14, 40, 42, 73, 43, 86, 87, 47, 49, 25, 
1: 0; 26, 52, 57, 98, 12, 86, 87, 
2: 0; 91, 27, 4, 31, 96, 56, 32, 99, 11, 36, 37, 64, 70, 74, 87, 89, 90, 
3: 0; 92, 28, 30, 6, 9, 38, 40, 42, 
4: 0; 2, 5, 97, 32, 63, 84, 43, 47, 24, 
5: 0; 4, 11, 83, 85, 74, 20, 46, 76, 88, 24, 51, 
6: 0; 28, 3, 32, 61, 67, 43, 44, 76, 23, 
7: 0; 53, 29, 55, 97, 11, 79, 39, 71, 72, 88, 51, 
8: 0; 53, 95, 31, 99, 35, 36, 68, 82, 45, 89, 24, 
9: 0; 29, 3, 13, 15, 40, 72, 
10: 0; 56, 57, 62, 67, 69, 80, 81, 82, 87, 22, 
11: 0; 28, 93, 31, 97, 2, 5, 7, 35, 12, 38, 81, 75, 77, 50, 
12: 0; 53, 0, 1, 11, 61, 79, 73, 21, 88, 76, 89, 
13: 0; 32, 98, 60, 62, 9, 70, 85, 75, 46, 77, 25, 
14: 0; 92, 55, 31, 57, 36, 0, 70, 84, 42, 
15: 0; 28, 99, 65, 67, 79, 68, 82, 9, 84, 88, 77, 49, 50, 
16: 0; 30, 98, 71, 42, 43, 22, 
17: 0; 91, 96, 58, 36, 18, 
18: 0; 95, 99, 38, 40, 85, 17, 44, 86, 76, 22, 89, 50, 
19: 0; 54, 95, 97, 59, 72, 47, 
20: 0; 65, 63, 39, 82, 73, 43, 5, 21, 
21: 0; 91, 93, 55, 57, 65, 36, 78, 67, 45, 12, 20, 
22: 0; 55, 31, 32, 57, 35, 71, 73, 10, 16, 18, 48, 51, 
23: 0; 31, 96, 97, 99, 72, 83, 84, 42, 85, 74, 47, 6, 
24: 0; 93, 54, 56, 58, 61, 68, 74, 87, 4, 5, 8, 

worker1:	2021/02/20 19:48:42 Synchronizing start of round...
worker2:	2021/02/20 19:48:42 
25: 0; 32, 57, 58, 67, 79, 64, 70, 41, 89, 0, 13, 51, 
26: 0; 1, 55, 78, 69, 64, 39, 41, 75, 88, 
27: 0; 2, 59, 62, 67, 63, 38, 64, 82, 72, 41, 51, 
28: 0; 3, 6, 11, 15, 94, 96, 37, 63, 71, 73, 49, 
29: 0; 92, 7, 9, 48, 
30: 0; 3, 16, 98, 78, 67, 72, 83, 88, 
31: 0; 93, 2, 8, 11, 14, 22, 23, 56, 57, 34, 36, 79, 68, 84, 76, 
32: 0; 54, 97, 0, 2, 4, 6, 13, 22, 25, 33, 99, 61, 70, 82, 43, 86, 89, 
33: 0; 55, 32, 63, 72, 73, 
34: 0; 93, 54, 98, 31, 80, 82, 42, 47, 48, 
35: 0; 57, 8, 11, 22, 65, 70, 83, 
36: 0; 99, 2, 8, 14, 17, 21, 31, 66, 78, 69, 81, 84, 74, 
37: 0; 2, 28, 74, 87, 48, 89, 90, 
38: 0; 94, 96, 78, 3, 11, 18, 27, 40, 
39: 0; 52, 54, 79, 7, 20, 26, 70, 73, 43, 86, 
40: 0; 57, 63, 0, 3, 9, 18, 38, 74, 46, 48, 
41: 0; 52, 58, 99, 60, 66, 63, 70, 25, 26, 27, 84, 42, 85, 
42: 0; 91, 97, 80, 83, 0, 3, 14, 16, 23, 34, 41, 50, 
43: 0; 91, 66, 67, 79, 70, 0, 4, 6, 16, 20, 32, 39, 87, 47, 
44: 0; 53, 95, 59, 79, 82, 6, 18, 45, 76, 77, 89, 
45: 0; 55, 96, 61, 73, 8, 21, 44, 47, 
46: 0; 93, 56, 63, 81, 74, 5, 13, 40, 76, 
47: 0; 96, 61, 86, 0, 4, 19, 23, 34, 43, 45, 
48: 0; 93, 54, 65, 60, 63, 80, 87, 22, 29, 34, 37, 40, 89, 
49: 0; 53, 55, 56, 61, 83, 0, 15, 28, 

worker1:	2021/02/20 19:48:42 Node 4 is ready to begin a round.
worker2:	2021/02/20 19:48:42 Synchronizing start of round...
worker4:	2021/02/20 19:48:42 Node 1 is ready to begin a round.
worker3:	2021/02/20 19:48:42 Node 4 is ready to begin a round.
worker3:	2021/02/20 19:48:42 
50: 0; 54, 69, 75, 88, 90, 11, 15, 18, 42, 
51: 0; 91, 94, 54, 60, 78, 82, 71, 73, 5, 7, 22, 25, 27, 
52: 0; 0, 1, 39, 41, 60, 64, 77, 
53: 0; 7, 8, 12, 44, 49, 55, 65, 62, 72, 
54: 0; 19, 24, 32, 34, 39, 48, 50, 51, 56, 98, 60, 66, 70, 86, 
55: 0; 7, 14, 21, 22, 26, 33, 45, 49, 53, 58, 78, 69, 83, 84, 
56: 0; 2, 10, 24, 31, 46, 49, 54, 63, 72, 
57: 0; 1, 10, 14, 21, 22, 25, 31, 35, 40, 86, 77, 
58: 0; 93, 94, 17, 24, 25, 41, 55, 
59: 0; 96, 0, 19, 27, 44, 65, 82, 84, 75, 76, 
60: 0; 91, 13, 41, 65, 48, 51, 52, 54, 
61: 0; 91, 92, 6, 12, 24, 32, 45, 47, 49, 
62: 0; 10, 13, 27, 53, 79, 68, 69, 83, 73, 90, 
63: 0; 91, 4, 20, 27, 28, 33, 40, 41, 46, 48, 56, 
64: 0; 99, 79, 2, 25, 26, 27, 52, 87, 
65: 0; 15, 20, 21, 35, 48, 53, 59, 60, 80, 81, 73, 
66: 0; 94, 97, 36, 41, 43, 54, 68, 72, 89, 
67: 0; 96, 6, 10, 15, 21, 25, 27, 30, 43, 81, 
68: 0; 8, 15, 24, 31, 62, 66, 
69: 0; 95, 0, 10, 26, 36, 50, 55, 62, 86, 
70: 0; 93, 2, 13, 14, 25, 32, 35, 39, 41, 43, 54, 82, 73, 
71: 0; 7, 16, 22, 28, 51, 90, 
72: 0; 92, 94, 98, 79, 7, 9, 19, 23, 27, 30, 33, 53, 56, 66, 77, 
73: 0; 93, 94, 0, 12, 20, 22, 28, 33, 39, 45, 51, 62, 65, 70, 74, 87, 77, 
74: 0; 93, 2, 5, 23, 24, 36, 37, 40, 46, 73, 

worker3:	2021/02/20 19:48:42 Synchronizing start of round...
worker4:	2021/02/20 19:48:42 Node 2 is ready to begin a round.
worker2:	2021/02/20 19:48:42 Node 1 is ready to begin a round.
worker3:	2021/02/20 19:48:42 Node 2 is ready to begin a round.
worker2:	2021/02/20 19:48:42 Node 4 is ready to begin a round.
worker2:	2021/02/20 19:48:42 Node 3 is ready to begin a round.
worker2:	2021/02/20 19:48:42 Beginning new round: 25 vertices to be colored
worker4:	2021/02/20 19:48:42 Node 3 is ready to begin a round.
worker4:	2021/02/20 19:48:42 Beginning new round: 25 vertices to be colored
worker3:	2021/02/20 19:48:42 Node 1 is ready to begin a round.
worker3:	2021/02/20 19:48:42 Node 4 has finished a round.
worker3:	2021/02/20 19:48:42 Beginning new round: 25 vertices to be colored
worker4:	2021/02/20 19:48:42 Vertex 31 has been colored with 1.
worker4:	2021/02/20 19:48:42 Vertex 31 has been colored with 1.
worker4:	2021/02/20 19:48:42 Vertex 31 has been colored with 1.
worker4:	2021/02/20 19:48:42 Vertex 31 has been colored with 1.
worker4:	2021/02/20 19:48:42 Vertex 32 has been colored with 1.
worker4:	2021/02/20 19:48:42 Vertex 32 has been colored with 1.
worker4:	2021/02/20 19:48:42 Vertex 32 has been colored with 1.
worker4:	2021/02/20 19:48:42 Vertex 32 has been colored with 1.
worker4:	2021/02/20 19:48:42 Vertex 32 has been colored with 1.
worker4:	2021/02/20 19:48:42 Vertex 41 has been colored with 1.
worker4:	2021/02/20 19:48:42 Vertex 41 has been colored with 1.
worker4:	2021/02/20 19:48:42 Vertex 41 has been colored with 1.
worker4:	2021/02/20 19:48:42 Vertex 42 has been colored with 2.
worker4:	2021/02/20 19:48:42 Vertex 42 has been colored with 2.
worker4:	2021/02/20 19:48:42 Vertex 42 has been colored with 2.
worker2:	2021/02/20 19:48:42 Node 4 has finished a round.
worker4:	2021/02/20 19:48:42 Vertex 42 has been colored with 2.
worker4:	2021/02/20 19:48:42 Vertex 37 has been colored with 1.
worker4:	2021/02/20 19:48:42 Vertex 37 has been colored with 1.
worker4:	2021/02/20 19:48:42 Vertex 37 has been colored with 1.
worker4:	2021/02/20 19:48:42 Vertex 38 has been colored with 1.
worker4:	2021/02/20 19:48:42 Vertex 38 has been colored with 1.
worker4:	2021/02/20 19:48:42 Vertex 38 has been colored with 1.
worker4:	2021/02/20 19:48:42 Node 2 has finished a round.
worker2:	2021/02/20 19:48:42 Node 3 has finished a round.
worker1:	2021/02/20 19:48:42 Node 3 is ready to begin a round.
worker4:	2021/02/20 19:48:42 Node 3 has finished a round.
worker1:	2021/02/20 19:48:42 Node 3 has finished a round.
worker1:	2021/02/20 19:48:42 Node 4 has finished a round.
worker1:	2021/02/20 19:48:42 Node 2 is ready to begin a round.
worker1:	2021/02/20 19:48:42 Node 2 has finished a round.
worker1:	2021/02/20 19:48:42 Beginning new round: 25 vertices to be colored
worker3:	2021/02/20 19:48:42 Vertex 31 has been colored with 1.
worker3:	2021/02/20 19:48:42 Vertex 31 has been colored with 1.
worker3:	2021/02/20 19:48:42 Vertex 31 has been colored with 1.
worker3:	2021/02/20 19:48:42 Vertex 32 has been colored with 1.
worker3:	2021/02/20 19:48:42 Vertex 32 has been colored with 1.
worker3:	2021/02/20 19:48:42 Vertex 32 has been colored with 1.
worker3:	2021/02/20 19:48:42 Vertex 41 has been colored with 1.
worker3:	2021/02/20 19:48:42 Vertex 41 has been colored with 1.
worker3:	2021/02/20 19:48:42 Vertex 41 has been colored with 1.
worker3:	2021/02/20 19:48:42 Vertex 41 has been colored with 1.
worker2:	2021/02/20 19:48:42 Vertex 0 has been colored with 1.
worker3:	2021/02/20 19:48:42 Vertex 41 has been colored with 1.
worker2:	2021/02/20 19:48:42 Vertex 0 has been colored with 1.
worker3:	2021/02/20 19:48:42 Vertex 41 has been colored with 1.
worker2:	2021/02/20 19:48:42 Vertex 0 has been colored with 1.
worker3:	2021/02/20 19:48:42 Vertex 42 has been colored with 2.
worker2:	2021/02/20 19:48:42 Vertex 0 has been colored with 1.
worker2:	2021/02/20 19:48:42 Vertex 0 has been colored with 1.
worker3:	2021/02/20 19:48:42 Vertex 37 has been colored with 1.
worker2:	2021/02/20 19:48:42 Vertex 0 has been colored with 1.
worker4:	2021/02/20 19:48:42 Vertex 0 has been colored with 1.
worker3:	2021/02/20 19:48:42 Node 2 has finished a round.
worker2:	2021/02/20 19:48:42 Vertex 0 has been colored with 1.
worker4:	2021/02/20 19:48:42 Vertex 0 has been colored with 1.
worker2:	2021/02/20 19:48:42 Vertex 1 has been colored with 1.
worker4:	2021/02/20 19:48:42 Vertex 0 has been colored with 1.
worker2:	2021/02/20 19:48:42 Vertex 6 has been colored with 1.
worker1:	2021/02/20 19:48:42 Beginning conflict resolution stage
worker4:	2021/02/20 19:48:42 Vertex 0 has been colored with 1.
worker2:	2021/02/20 19:48:42 Vertex 6 has been colored with 1.
worker4:	2021/02/20 19:48:42 Vertex 1 has been colored with 1.
worker2:	2021/02/20 19:48:42 Vertex 6 has been colored with 1.
worker4:	2021/02/20 19:48:42 Vertex 1 has been colored with 1.
worker2:	2021/02/20 19:48:42 Vertex 6 has been colored with 1.
worker4:	2021/02/20 19:48:42 Vertex 1 has been colored with 1.
worker2:	2021/02/20 19:48:42 Vertex 7 has been colored with 1.
worker3:	2021/02/20 19:48:42 Vertex 0 has been colored with 1.
worker4:	2021/02/20 19:48:42 Vertex 6 has been colored with 1.
worker2:	2021/02/20 19:48:42 Vertex 7 has been colored with 1.
worker3:	2021/02/20 19:48:42 Vertex 0 has been colored with 1.
worker4:	2021/02/20 19:48:42 Vertex 7 has been colored with 1.
worker4:	2021/02/20 19:48:42 Vertex 7 has been colored with 1.
worker3:	2021/02/20 19:48:42 Vertex 0 has been colored with 1.
worker4:	2021/02/20 19:48:42 Vertex 7 has been colored with 1.
worker2:	2021/02/20 19:48:42 Vertex 4 has been colored with 2.
worker4:	2021/02/20 19:48:42 Vertex 2 has been colored with 1.
worker3:	2021/02/20 19:48:42 Vertex 0 has been colored with 1.
worker2:	2021/02/20 19:48:42 Vertex 2 has been colored with 1.
worker4:	2021/02/20 19:48:42 Vertex 4 has been colored with 2.
worker3:	2021/02/20 19:48:42 Vertex 1 has been colored with 1.
worker2:	2021/02/20 19:48:42 Vertex 2 has been colored with 1.
worker4:	2021/02/20 19:48:42 Vertex 2 has been colored with 1.
worker2:	2021/02/20 19:48:42 Vertex 18 has been colored with 1.
worker3:	2021/02/20 19:48:42 Vertex 1 has been colored with 1.
worker4:	2021/02/20 19:48:42 Vertex 18 has been colored with 1.
worker2:	2021/02/20 19:48:42 Vertex 18 has been colored with 1.
worker4:	2021/02/20 19:48:42 Vertex 18 has been colored with 1.
worker2:	2021/02/20 19:48:42 Vertex 18 has been colored with 1.
worker3:	2021/02/20 19:48:42 Vertex 6 has been colored with 1.
worker4:	2021/02/20 19:48:42 Vertex 18 has been colored with 1.
worker2:	2021/02/20 19:48:42 Vertex 22 has been colored with 2.
worker4:	2021/02/20 19:48:42 Vertex 18 has been colored with 1.
worker3:	2021/02/20 19:48:42 Vertex 6 has been colored with 1.
worker2:	2021/02/20 19:48:42 Vertex 22 has been colored with 2.
worker4:	2021/02/20 19:48:42 Vertex 18 has been colored with 1.
worker2:	2021/02/20 19:48:42 Vertex 22 has been colored with 2.
worker3:	2021/02/20 19:48:42 Vertex 7 has been colored with 1.
worker4:	2021/02/20 19:48:42 Vertex 18 has been colored with 1.
worker2:	2021/02/20 19:48:42 Vertex 22 has been colored with 2.
worker2:	2021/02/20 19:48:42 Vertex 23 has been colored with 2.
worker3:	2021/02/20 19:48:42 Vertex 7 has been colored with 1.
worker2:	2021/02/20 19:48:42 Node 1 has finished a round.
worker3:	2021/02/20 19:48:42 Vertex 7 has been colored with 1.
worker4:	2021/02/20 19:48:42 Vertex 23 has been colored with 2.
worker3:	2021/02/20 19:48:42 Vertex 7 has been colored with 1.
worker2:	2021/02/20 19:48:42 Beginning conflict resolution stage
worker4:	2021/02/20 19:48:42 Vertex 23 has been colored with 2.
worker3:	2021/02/20 19:48:42 Vertex 7 has been colored with 1.
worker4:	2021/02/20 19:48:42 Vertex 23 has been colored with 2.
worker3:	2021/02/20 19:48:42 Vertex 10 has been colored with 1.
worker4:	2021/02/20 19:48:42 Vertex 23 has been colored with 2.
worker4:	2021/02/20 19:48:42 Vertex 23 has been colored with 2.
worker3:	2021/02/20 19:48:42 Vertex 10 has been colored with 1.
worker4:	2021/02/20 19:48:42 Vertex 12 has been colored with 2.
worker3:	2021/02/20 19:48:42 Vertex 10 has been colored with 1.
worker4:	2021/02/20 19:48:42 Vertex 12 has been colored with 2.
worker3:	2021/02/20 19:48:42 Vertex 10 has been colored with 1.
worker4:	2021/02/20 19:48:42 Vertex 12 has been colored with 2.
worker3:	2021/02/20 19:48:42 Vertex 10 has been colored with 1.
worker4:	2021/02/20 19:48:42 Vertex 12 has been colored with 2.
worker3:	2021/02/20 19:48:42 Vertex 12 has been colored with 2.
worker4:	2021/02/20 19:48:42 Vertex 24 has been colored with 3.
worker3:	2021/02/20 19:48:42 Vertex 12 has been colored with 2.
worker4:	2021/02/20 19:48:42 Vertex 24 has been colored with 3.
worker3:	2021/02/20 19:48:42 Vertex 22 has been colored with 2.
worker4:	2021/02/20 19:48:42 Vertex 14 has been colored with 2.
worker3:	2021/02/20 19:48:42 Vertex 22 has been colored with 2.
worker4:	2021/02/20 19:48:42 Vertex 16 has been colored with 1.
worker3:	2021/02/20 19:48:42 Vertex 22 has been colored with 2.
worker4:	2021/02/20 19:48:42 Vertex 10 has been colored with 1.
worker3:	2021/02/20 19:48:42 Vertex 22 has been colored with 2.
worker4:	2021/02/20 19:48:42 Vertex 10 has been colored with 1.
worker3:	2021/02/20 19:48:42 Vertex 22 has been colored with 2.
worker4:	2021/02/20 19:48:42 Vertex 10 has been colored with 1.
worker3:	2021/02/20 19:48:42 Vertex 23 has been colored with 2.
worker4:	2021/02/20 19:48:42 Vertex 10 has been colored with 1.
worker1:	2021/02/20 19:48:42 
0: 1; 52, 32, 59, 12, 79, 69, 80, 14, 40, 42, 73, 43, 86, 87, 47, 49, 25, 
1: 1; 26, 52, 57, 98, 12, 86, 87, 
2: 1; 91, 27, 4, 31, 96, 56, 32, 99, 11, 36, 37, 64, 70, 74, 87, 89, 90, 
3: 2; 92, 28, 30, 6, 9, 38, 40, 42, 
4: 2; 2, 5, 97, 32, 63, 84, 43, 47, 24, 
5: 1; 4, 11, 83, 85, 74, 20, 46, 76, 88, 24, 51, 
6: 1; 28, 3, 32, 61, 67, 43, 44, 76, 23, 
7: 1; 53, 29, 55, 97, 11, 79, 39, 71, 72, 88, 51, 
8: 1; 53, 95, 31, 99, 35, 36, 68, 82, 45, 89, 24, 
9: 3; 29, 3, 13, 15, 40, 72, 
10: 1; 56, 57, 62, 67, 69, 80, 81, 82, 87, 22, 
11: 3; 28, 93, 31, 97, 2, 5, 7, 35, 12, 38, 81, 75, 77, 50, 
12: 2; 53, 0, 1, 11, 61, 79, 73, 21, 88, 76, 89, 
13: 1; 32, 98, 60, 62, 9, 70, 85, 75, 46, 77, 25, 
14: 2; 92, 55, 31, 57, 36, 0, 70, 84, 42, 
15: 1; 28, 99, 65, 67, 79, 68, 82, 9, 84, 88, 77, 49, 50, 
16: 1; 30, 98, 71, 42, 43, 22, 
17: 2; 91, 96, 58, 36, 18, 
18: 1; 95, 99, 38, 40, 85, 17, 44, 86, 76, 22, 89, 50, 
19: 1; 54, 95, 97, 59, 72, 47, 
20: 2; 65, 63, 39, 82, 73, 43, 5, 21, 
21: 1; 91, 93, 55, 57, 65, 36, 78, 67, 45, 12, 20, 
22: 2; 55, 31, 32, 57, 35, 71, 73, 10, 16, 18, 48, 51, 
23: 2; 31, 96, 97, 99, 72, 83, 84, 42, 85, 74, 47, 6, 
24: 3; 93, 54, 56, 58, 61, 68, 74, 87, 4, 5, 8, 

worker3:	2021/02/20 19:48:42 Vertex 12 has been colored with 2.
worker4:	2021/02/20 19:48:42 Node 1 has finished a round.
worker1:	2021/02/20 19:48:42 Synchronizing start of round...
worker3:	2021/02/20 19:48:42 Vertex 24 has been colored with 3.
worker3:	2021/02/20 19:48:42 Vertex 24 has been colored with 3.
worker4:	2021/02/20 19:48:42 Beginning conflict resolution stage
worker3:	2021/02/20 19:48:42 Vertex 24 has been colored with 3.
worker3:	2021/02/20 19:48:42 Vertex 24 has been colored with 3.
worker3:	2021/02/20 19:48:42 Vertex 24 has been colored with 3.
worker2:	2021/02/20 19:48:42 Vertex 16 has been colored with 1.
worker3:	2021/02/20 19:48:42 Vertex 24 has been colored with 3.
worker2:	2021/02/20 19:48:42 Vertex 11 has been colored with 3.
worker3:	2021/02/20 19:48:42 Vertex 14 has been colored with 2.
worker2:	2021/02/20 19:48:42 Vertex 23 has been colored with 2.
worker3:	2021/02/20 19:48:42 Node 1 has finished a round.
worker2:	2021/02/20 19:48:42 Vertex 13 has been colored with 1.
worker2:	2021/02/20 19:48:42 Vertex 14 has been colored with 2.
worker3:	2021/02/20 19:48:42 Vertex 14 has been colored with 2.
worker2:	2021/02/20 19:48:42 Vertex 14 has been colored with 2.
worker3:	2021/02/20 19:48:42 Vertex 14 has been colored with 2.
worker2:	2021/02/20 19:48:42 Vertex 16 has been colored with 1.
worker4:	2021/02/20 19:48:42 Vertex 2 has been colored with 1.
worker3:	2021/02/20 19:48:42 Beginning conflict resolution stage
worker2:	2021/02/20 19:48:42 Vertex 16 has been colored with 1.
worker4:	2021/02/20 19:48:42 Vertex 2 has been colored with 1.
worker4:	2021/02/20 19:48:42 Vertex 2 has been colored with 1.
worker2:	2021/02/20 19:48:42 Vertex 2 has been colored with 1.
worker4:	2021/02/20 19:48:42 Vertex 2 has been colored with 1.
worker2:	2021/02/20 19:48:42 Vertex 2 has been colored with 1.
worker3:	2021/02/20 19:48:42 Vertex 16 has been colored with 1.
worker4:	2021/02/20 19:48:42 Vertex 11 has been colored with 3.
worker2:	2021/02/20 19:48:42 Vertex 2 has been colored with 1.
worker4:	2021/02/20 19:48:42 Vertex 11 has been colored with 3.
worker3:	2021/02/20 19:48:42 Vertex 2 has been colored with 1.
worker2:	2021/02/20 19:48:42 Vertex 11 has been colored with 3.
worker4:	2021/02/20 19:48:42 Vertex 3 has been colored with 2.
worker3:	2021/02/20 19:48:42 Vertex 2 has been colored with 1.
worker2:	2021/02/20 19:48:42 Vertex 11 has been colored with 3.
worker4:	2021/02/20 19:48:42 Vertex 11 has been colored with 3.
worker3:	2021/02/20 19:48:42 Vertex 2 has been colored with 1.
worker2:	2021/02/20 19:48:42 Vertex 11 has been colored with 3.
worker4:	2021/02/20 19:48:42 Vertex 11 has been colored with 3.
worker3:	2021/02/20 19:48:42 Vertex 2 has been colored with 1.
worker2:	2021/02/20 19:48:42 Vertex 3 has been colored with 2.
worker3:	2021/02/20 19:48:42 Vertex 11 has been colored with 3.
worker4:	2021/02/20 19:48:42 Vertex 11 has been colored with 3.
worker2:	2021/02/20 19:48:42 Vertex 3 has been colored with 2.
worker3:	2021/02/20 19:48:42 Vertex 18 has been colored with 1.
worker4:	2021/02/20 19:48:42 Vertex 23 has been colored with 2.
worker2:	2021/02/20 19:48:42 Vertex 3 has been colored with 2.
worker4:	2021/02/20 19:48:42 Vertex 19 has been colored with 1.
worker3:	2021/02/20 19:48:42 Vertex 23 has been colored with 2.
worker2:	2021/02/20 19:48:42 Vertex 3 has been colored with 2.
worker4:	2021/02/20 19:48:42 Vertex 19 has been colored with 1.
worker3:	2021/02/20 19:48:42 Vertex 19 has been colored with 1.
worker2:	2021/02/20 19:48:42 Vertex 3 has been colored with 2.
worker3:	2021/02/20 19:48:42 Vertex 19 has been colored with 1.
worker2:	2021/02/20 19:48:42 Vertex 23 has been colored with 2.
worker4:	2021/02/20 19:48:42 Vertex 13 has been colored with 1.
worker2:	2021/02/20 19:48:42 Vertex 19 has been colored with 1.
worker3:	2021/02/20 19:48:42 Vertex 19 has been colored with 1.
worker2:	2021/02/20 19:48:42 Vertex 13 has been colored with 1.
worker4:	2021/02/20 19:48:42 Vertex 13 has been colored with 1.
worker3:	2021/02/20 19:48:42 Vertex 13 has been colored with 1.
worker2:	2021/02/20 19:48:42 Vertex 13 has been colored with 1.
worker3:	2021/02/20 19:48:42 Vertex 13 has been colored with 1.
worker4:	2021/02/20 19:48:42 Vertex 13 has been colored with 1.
worker2:	2021/02/20 19:48:42 Vertex 8 has been colored with 1.
worker3:	2021/02/20 19:48:42 Vertex 13 has been colored with 1.
worker4:	2021/02/20 19:48:42 Vertex 13 has been colored with 1.
worker2:	2021/02/20 19:48:42 Vertex 8 has been colored with 1.
worker3:	2021/02/20 19:48:42 Vertex 8 has been colored with 1.
worker4:	2021/02/20 19:48:42 Vertex 8 has been colored with 1.
worker2:	2021/02/20 19:48:42 Vertex 8 has been colored with 1.
worker3:	2021/02/20 19:48:42 Vertex 8 has been colored with 1.
worker4:	2021/02/20 19:48:42 Vertex 14 has been colored with 2.
worker2:	2021/02/20 19:48:42 Vertex 14 has been colored with 2.
worker3:	2021/02/20 19:48:42 Vertex 15 has been colored with 1.
worker2:	2021/02/20 19:48:42 Vertex 8 has been colored with 1.
worker3:	2021/02/20 19:48:42 Vertex 15 has been colored with 1.
worker4:	2021/02/20 19:48:42 Vertex 8 has been colored with 1.
worker2:	2021/02/20 19:48:42 Vertex 15 has been colored with 1.
worker3:	2021/02/20 19:48:42 Vertex 9 has been colored with 3.
worker4:	2021/02/20 19:48:42 Vertex 8 has been colored with 1.
worker2:	2021/02/20 19:48:42 Vertex 9 has been colored with 3.
worker3:	2021/02/20 19:48:42 Vertex 15 has been colored with 1.
worker4:	2021/02/20 19:48:42 Vertex 8 has been colored with 1.
worker2:	2021/02/20 19:48:42 Vertex 9 has been colored with 3.
worker3:	2021/02/20 19:48:42 Vertex 15 has been colored with 1.
worker4:	2021/02/20 19:48:42 Vertex 15 has been colored with 1.
worker2:	2021/02/20 19:48:42 Vertex 15 has been colored with 1.
worker3:	2021/02/20 19:48:42 Vertex 4 has been colored with 2.
worker4:	2021/02/20 19:48:42 Vertex 15 has been colored with 1.
worker2:	2021/02/20 19:48:42 Vertex 4 has been colored with 2.
worker4:	2021/02/20 19:48:42 Vertex 15 has been colored with 1.
worker2:	2021/02/20 19:48:42 Vertex 4 has been colored with 2.
worker3:	2021/02/20 19:48:42 Vertex 17 has been colored with 2.
worker4:	2021/02/20 19:48:42 Vertex 15 has been colored with 1.
worker2:	2021/02/20 19:48:42 Vertex 17 has been colored with 2.
worker3:	2021/02/20 19:48:42 
50: 1; 54, 69, 75, 88, 90, 11, 15, 18, 42, 
51: 1; 91, 94, 54, 60, 78, 82, 71, 73, 5, 7, 22, 25, 27, 
52: 1; 0, 1, 39, 41, 60, 64, 77, 
53: 1; 7, 8, 12, 44, 49, 55, 65, 62, 72, 
54: 2; 19, 24, 32, 34, 39, 48, 50, 51, 56, 98, 60, 66, 70, 86, 
55: 2; 7, 14, 21, 22, 26, 33, 45, 49, 53, 58, 78, 69, 83, 84, 
56: 1; 2, 10, 24, 31, 46, 49, 54, 63, 72, 
57: 1; 1, 10, 14, 21, 22, 25, 31, 35, 40, 86, 77, 
58: 1; 93, 94, 17, 24, 25, 41, 55, 
59: 1; 96, 0, 19, 27, 44, 65, 82, 84, 75, 76, 
60: 3; 91, 13, 41, 65, 48, 51, 52, 54, 
61: 1; 91, 92, 6, 12, 24, 32, 45, 47, 49, 
62: 2; 10, 13, 27, 53, 79, 68, 69, 83, 73, 90, 
63: 2; 91, 4, 20, 27, 28, 33, 40, 41, 46, 48, 56, 
64: 2; 99, 79, 2, 25, 26, 27, 52, 87, 
65: 2; 15, 20, 21, 35, 48, 53, 59, 60, 80, 81, 73, 
66: 1; 94, 97, 36, 41, 43, 54, 68, 72, 89, 
67: 1; 96, 6, 10, 15, 21, 25, 27, 30, 43, 81, 
68: 3; 8, 15, 24, 31, 62, 66, 
69: 3; 95, 0, 10, 26, 36, 50, 55, 62, 86, 
70: 1; 93, 2, 13, 14, 25, 32, 35, 39, 41, 43, 54, 82, 73, 
71: 2; 7, 16, 22, 28, 51, 90, 
72: 2; 92, 94, 98, 79, 7, 9, 19, 23, 27, 30, 33, 53, 56, 66, 77, 
73: 3; 93, 94, 0, 12, 20, 22, 28, 33, 39, 45, 51, 62, 65, 70, 74, 87, 77, 
74: 1; 93, 2, 5, 23, 24, 36, 37, 40, 46, 73, 

worker4:	2021/02/20 19:48:42 Vertex 15 has been colored with 1.
worker2:	2021/02/20 19:48:42 Vertex 5 has been colored with 1.
worker4:	2021/02/20 19:48:42 Vertex 15 has been colored with 1.
worker3:	2021/02/20 19:48:42 Synchronizing start of round...
worker4:	2021/02/20 19:48:42 Vertex 4 has been colored with 2.
worker2:	2021/02/20 19:48:42 Vertex 20 has been colored with 2.
worker4:	2021/02/20 19:48:42 Vertex 17 has been colored with 2.
worker2:	2021/02/20 19:48:42 Vertex 20 has been colored with 2.
worker2:	2021/02/20 19:48:42 Vertex 21 has been colored with 1.
worker4:	2021/02/20 19:48:42 Vertex 17 has been colored with 2.
worker2:	2021/02/20 19:48:42 Vertex 21 has been colored with 1.
worker2:	2021/02/20 19:48:42 Node 1 is ready to begin a round.
worker4:	2021/02/20 19:48:42 Vertex 5 has been colored with 1.
worker2:	2021/02/20 19:48:42 
25: 2; 32, 57, 58, 67, 79, 64, 70, 41, 89, 0, 13, 51, 
26: 2; 1, 55, 78, 69, 64, 39, 41, 75, 88, 
27: 2; 2, 59, 62, 67, 63, 38, 64, 82, 72, 41, 51, 
28: 2; 3, 6, 11, 15, 94, 96, 37, 63, 71, 73, 49, 
29: 1; 92, 7, 9, 48, 
30: 1; 3, 16, 98, 78, 67, 72, 83, 88, 
31: 1; 93, 2, 8, 11, 14, 22, 23, 56, 57, 34, 36, 79, 68, 84, 76, 
32: 1; 54, 97, 0, 2, 4, 6, 13, 22, 25, 33, 99, 61, 70, 82, 43, 86, 89, 
33: 2; 55, 32, 63, 72, 73, 
34: 4; 93, 54, 98, 31, 80, 82, 42, 47, 48, 
35: 1; 57, 8, 11, 22, 65, 70, 83, 
36: 2; 99, 2, 8, 14, 17, 21, 31, 66, 78, 69, 81, 84, 74, 
37: 1; 2, 28, 74, 87, 48, 89, 90, 
38: 1; 94, 96, 78, 3, 11, 18, 27, 40, 
39: 1; 52, 54, 79, 7, 20, 26, 70, 73, 43, 86, 
40: 2; 57, 63, 0, 3, 9, 18, 38, 74, 46, 48, 
41: 1; 52, 58, 99, 60, 66, 63, 70, 25, 26, 27, 84, 42, 85, 
42: 2; 91, 97, 80, 83, 0, 3, 14, 16, 23, 34, 41, 50, 
43: 2; 91, 66, 67, 79, 70, 0, 4, 6, 16, 20, 32, 39, 87, 47, 
44: 1; 53, 95, 59, 79, 82, 6, 18, 45, 76, 77, 89, 
45: 2; 55, 96, 61, 73, 8, 21, 44, 47, 
46: 1; 93, 56, 63, 81, 74, 5, 13, 40, 76, 
47: 1; 96, 61, 86, 0, 4, 19, 23, 34, 43, 45, 
48: 3; 93, 54, 65, 60, 63, 80, 87, 22, 29, 34, 37, 40, 89, 
49: 1; 53, 55, 56, 61, 83, 0, 15, 28, 

worker4:	2021/02/20 19:48:42 Vertex 5 has been colored with 1.
worker2:	2021/02/20 19:48:42 Synchronizing start of round...
worker4:	2021/02/20 19:48:42 Vertex 5 has been colored with 1.
worker3:	2021/02/20 19:48:42 Vertex 5 has been colored with 1.
worker1:	2021/02/20 19:48:42 Node 3 is ready to begin a round.
worker4:	2021/02/20 19:48:42 Vertex 5 has been colored with 1.
worker3:	2021/02/20 19:48:42 Vertex 20 has been colored with 2.
worker4:	2021/02/20 19:48:42 Vertex 20 has been colored with 2.
worker1:	2021/02/20 19:48:42 Node 2 is ready to begin a round.
worker3:	2021/02/20 19:48:42 Vertex 20 has been colored with 2.
worker4:	2021/02/20 19:48:42 Vertex 21 has been colored with 1.
worker2:	2021/02/20 19:48:42 Node 3 is ready to begin a round.
worker3:	2021/02/20 19:48:42 Vertex 5 has been colored with 1.
worker4:	2021/02/20 19:48:42 Vertex 21 has been colored with 1.
worker3:	2021/02/20 19:48:42 Vertex 20 has been colored with 2.
worker4:	2021/02/20 19:48:42 Vertex 21 has been colored with 1.
worker3:	2021/02/20 19:48:42 Vertex 21 has been colored with 1.
worker3:	2021/02/20 19:48:42 Vertex 21 has been colored with 1.
worker4:	2021/02/20 19:48:42 Node 1 is ready to begin a round.
worker3:	2021/02/20 19:48:42 Vertex 21 has been colored with 1.
worker4:	2021/02/20 19:48:42 Vertex 50 has been colored with 1.
worker3:	2021/02/20 19:48:42 Vertex 43 has been colored with 2.
worker4:	2021/02/20 19:48:42 Vertex 43 has been colored with 2.
worker3:	2021/02/20 19:48:42 Vertex 43 has been colored with 2.
worker3:	2021/02/20 19:48:42 Vertex 43 has been colored with 2.
worker4:	2021/02/20 19:48:42 Vertex 43 has been colored with 2.
worker3:	2021/02/20 19:48:42 Vertex 44 has been colored with 1.
worker4:	2021/02/20 19:48:42 Vertex 43 has been colored with 2.
worker3:	2021/02/20 19:48:42 Vertex 44 has been colored with 1.
worker4:	2021/02/20 19:48:42 Vertex 44 has been colored with 1.
worker3:	2021/02/20 19:48:42 Vertex 39 has been colored with 1.
worker4:	2021/02/20 19:48:42 Vertex 44 has been colored with 1.
worker3:	2021/02/20 19:48:42 Vertex 39 has been colored with 1.
worker4:	2021/02/20 19:48:42 Vertex 44 has been colored with 1.
worker3:	2021/02/20 19:48:42 Vertex 39 has been colored with 1.
worker4:	2021/02/20 19:48:42 Vertex 44 has been colored with 1.
worker3:	2021/02/20 19:48:42 Vertex 39 has been colored with 1.
worker4:	2021/02/20 19:48:42 Vertex 44 has been colored with 1.
worker3:	2021/02/20 19:48:42 Vertex 45 has been colored with 2.
worker4:	2021/02/20 19:48:42 Vertex 44 has been colored with 1.
worker3:	2021/02/20 19:48:42 Vertex 45 has been colored with 2.
worker4:	2021/02/20 19:48:42 Vertex 39 has been colored with 1.
worker4:	2021/02/20 19:48:42 Vertex 39 has been colored with 1.
worker3:	2021/02/20 19:48:42 Vertex 45 has been colored with 2.
worker4:	2021/02/20 19:48:42 Vertex 45 has been colored with 2.
worker3:	2021/02/20 19:48:42 Vertex 40 has been colored with 2.
worker4:	2021/02/20 19:48:42 Vertex 46 has been colored with 1.
worker3:	2021/02/20 19:48:42 Vertex 40 has been colored with 2.
worker4:	2021/02/20 19:48:42 Vertex 46 has been colored with 1.
worker3:	2021/02/20 19:48:42 Vertex 40 has been colored with 2.
worker4:	2021/02/20 19:48:42 Vertex 46 has been colored with 1.
worker3:	2021/02/20 19:48:42 Vertex 46 has been colored with 1.
worker4:	2021/02/20 19:48:42 Vertex 47 has been colored with 1.
worker3:	2021/02/20 19:48:42 Vertex 46 has been colored with 1.
worker4:	2021/02/20 19:48:42 Vertex 47 has been colored with 1.
worker3:	2021/02/20 19:48:42 Vertex 46 has been colored with 1.
worker4:	2021/02/20 19:48:42 Vertex 48 has been colored with 3.
worker3:	2021/02/20 19:48:42 Vertex 47 has been colored with 1.
worker4:	2021/02/20 19:48:42 Vertex 48 has been colored with 3.
worker3:	2021/02/20 19:48:42 Vertex 48 has been colored with 3.
worker4:	2021/02/20 19:48:42 
75: 1; 96, 99, 11, 13, 26, 50, 59, 86, 76, 
76: 2; 5, 6, 12, 18, 31, 44, 46, 59, 75, 
77: 1; 95, 11, 13, 15, 44, 52, 57, 72, 73, 
78: 1; 93, 21, 26, 30, 36, 38, 51, 55, 
79: 1; 95, 97, 0, 7, 12, 15, 25, 31, 39, 43, 44, 62, 64, 72, 
80: 1; 93, 94, 0, 10, 34, 42, 48, 65, 87, 
81: 1; 10, 11, 36, 46, 65, 67, 
82: 1; 98, 8, 10, 15, 20, 27, 32, 34, 44, 51, 59, 70, 
83: 1; 5, 23, 30, 35, 42, 49, 55, 62, 87, 89, 
84: 1; 4, 14, 15, 23, 31, 36, 41, 55, 59, 88, 
85: 1; 92, 5, 13, 18, 23, 41, 
86: 2; 0, 1, 18, 32, 39, 47, 54, 57, 69, 75, 
87: 2; 0, 1, 2, 10, 24, 37, 43, 48, 64, 73, 80, 83, 89, 
88: 2; 91, 97, 5, 7, 12, 15, 26, 30, 50, 84, 
89: 3; 2, 8, 12, 18, 25, 32, 37, 44, 48, 66, 83, 87, 
90: 1; 2, 37, 50, 62, 71, 
91: 1; 2, 17, 21, 42, 43, 51, 60, 61, 63, 88, 97, 
92: 2; 3, 14, 29, 61, 72, 85, 
93: 2; 11, 21, 24, 31, 34, 46, 48, 58, 70, 73, 74, 78, 80, 96, 97, 
94: 2; 28, 38, 51, 58, 66, 72, 73, 80, 
95: 2; 8, 18, 19, 44, 69, 77, 79, 
96: 3; 2, 17, 23, 28, 38, 45, 47, 59, 67, 75, 93, 97, 
97: 4; 4, 7, 11, 19, 23, 32, 42, 66, 79, 88, 91, 93, 96, 
98: 2; 1, 13, 16, 30, 34, 54, 72, 82, 
99: 2; 2, 8, 15, 18, 23, 32, 36, 41, 64, 75, 

worker3:	2021/02/20 19:48:42 Vertex 48 has been colored with 3.
worker4:	2021/02/20 19:48:42 Synchronizing start of round...
worker3:	2021/02/20 19:48:42 Vertex 48 has been colored with 3.
worker3:	2021/02/20 19:48:42 Vertex 48 has been colored with 3.
worker3:	2021/02/20 19:48:42 Vertex 25 has been colored with 2.
worker3:	2021/02/20 19:48:42 Vertex 25 has been colored with 2.
worker3:	2021/02/20 19:48:42 Vertex 21 has been colored with 1.
worker4:	2021/02/20 19:48:42 Vertex 50 has been colored with 1.
worker3:	2021/02/20 19:48:42 Node 1 is ready to begin a round.
worker3:	2021/02/20 19:48:42 Vertex 25 has been colored with 2.
worker2:	2021/02/20 19:48:42 Node 4 is ready to begin a round.
worker4:	2021/02/20 19:48:42 Vertex 50 has been colored with 1.
worker3:	2021/02/20 19:48:42 Vertex 25 has been colored with 2.
worker4:	2021/02/20 19:48:42 Vertex 51 has been colored with 1.
worker3:	2021/02/20 19:48:42 Vertex 25 has been colored with 2.
worker2:	2021/02/20 19:48:42 Beginning new round: 13 vertices to be colored
worker3:	2021/02/20 19:48:42 Vertex 25 has been colored with 2.
worker4:	2021/02/20 19:48:42 Vertex 51 has been colored with 1.
worker3:	2021/02/20 19:48:42 Vertex 26 has been colored with 2.
worker3:	2021/02/20 19:48:42 Vertex 26 has been colored with 2.
worker4:	2021/02/20 19:48:42 Vertex 51 has been colored with 1.
worker3:	2021/02/20 19:48:42 Vertex 26 has been colored with 2.
worker4:	2021/02/20 19:48:42 Vertex 51 has been colored with 1.
worker3:	2021/02/20 19:48:42 Vertex 49 has been colored with 1.
worker4:	2021/02/20 19:48:42 Vertex 52 has been colored with 1.
worker3:	2021/02/20 19:48:42 Vertex 49 has been colored with 1.
worker3:	2021/02/20 19:48:42 Vertex 49 has been colored with 1.
worker4:	2021/02/20 19:48:42 Vertex 54 has been colored with 2.
worker3:	2021/02/20 19:48:42 Vertex 49 has been colored with 1.
worker3:	2021/02/20 19:48:42 Vertex 27 has been colored with 2.
worker4:	2021/02/20 19:48:42 Vertex 54 has been colored with 2.
worker3:	2021/02/20 19:48:42 Vertex 27 has been colored with 2.
worker4:	2021/02/20 19:48:42 Vertex 55 has been colored with 2.
worker3:	2021/02/20 19:48:42 Vertex 27 has been colored with 2.
worker4:	2021/02/20 19:48:42 Vertex 55 has been colored with 2.
worker3:	2021/02/20 19:48:42 Vertex 27 has been colored with 2.
worker3:	2021/02/20 19:48:42 Vertex 27 has been colored with 2.
worker4:	2021/02/20 19:48:42 Vertex 48 has been colored with 3.
worker3:	2021/02/20 19:48:42 Vertex 27 has been colored with 2.
worker4:	2021/02/20 19:48:42 Vertex 48 has been colored with 3.
worker3:	2021/02/20 19:48:42 Vertex 27 has been colored with 2.
worker4:	2021/02/20 19:48:42 Vertex 25 has been colored with 2.
worker3:	2021/02/20 19:48:42 Node 4 is ready to begin a round.
worker4:	2021/02/20 19:48:42 Vertex 25 has been colored with 2.
worker4:	2021/02/20 19:48:42 Vertex 26 has been colored with 2.
worker3:	2021/02/20 19:48:42 Vertex 28 has been colored with 2.
worker4:	2021/02/20 19:48:42 Vertex 26 has been colored with 2.
worker3:	2021/02/20 19:48:42 Vertex 28 has been colored with 2.
worker4:	2021/02/20 19:48:42 Vertex 26 has been colored with 2.
worker3:	2021/02/20 19:48:42 Vertex 28 has been colored with 2.
worker1:	2021/02/20 19:48:42 Node 4 is ready to begin a round.
worker4:	2021/02/20 19:48:42 Vertex 49 has been colored with 1.
worker3:	2021/02/20 19:48:42 Vertex 30 has been colored with 1.
worker1:	2021/02/20 19:48:42 Node 2 has finished a round.
worker4:	2021/02/20 19:48:42 Vertex 27 has been colored with 2.
worker3:	2021/02/20 19:48:42 Vertex 30 has been colored with 1.
worker4:	2021/02/20 19:48:42 Vertex 28 has been colored with 2.
worker1:	2021/02/20 19:48:42 Beginning new round: 0 vertices to be colored
worker3:	2021/02/20 19:48:42 Vertex 33 has been colored with 2.
worker4:	2021/02/20 19:48:42 Vertex 28 has been colored with 2.
worker3:	2021/02/20 19:48:42 Vertex 33 has been colored with 2.
worker4:	2021/02/20 19:48:42 Vertex 29 has been colored with 1.
worker3:	2021/02/20 19:48:42 Vertex 33 has been colored with 2.
worker4:	2021/02/20 19:48:42 Vertex 30 has been colored with 1.
worker3:	2021/02/20 19:48:42 Vertex 33 has been colored with 2.
worker3:	2021/02/20 19:48:42 Vertex 34 has been colored with 4.
worker4:	2021/02/20 19:48:42 Vertex 30 has been colored with 1.
worker3:	2021/02/20 19:48:42 Vertex 35 has been colored with 1.
worker4:	2021/02/20 19:48:42 Vertex 30 has been colored with 1.
worker3:	2021/02/20 19:48:42 Vertex 35 has been colored with 1.
worker4:	2021/02/20 19:48:42 Vertex 30 has been colored with 1.
worker2:	2021/02/20 19:48:42 Node 1 has finished a round.
worker3:	2021/02/20 19:48:42 Vertex 35 has been colored with 1.
worker4:	2021/02/20 19:48:42 Vertex 34 has been colored with 4.
worker3:	2021/02/20 19:48:42 Vertex 36 has been colored with 2.
worker4:	2021/02/20 19:48:42 Vertex 34 has been colored with 4.
worker3:	2021/02/20 19:48:42 Node 1 has finished a round.
worker4:	2021/02/20 19:48:42 Vertex 34 has been colored with 4.
worker4:	2021/02/20 19:48:42 Vertex 34 has been colored with 4.
worker3:	2021/02/20 19:48:42 Vertex 36 has been colored with 2.
worker4:	2021/02/20 19:48:42 Vertex 35 has been colored with 1.
worker3:	2021/02/20 19:48:42 Vertex 36 has been colored with 2.
worker4:	2021/02/20 19:48:42 Vertex 36 has been colored with 2.
worker3:	2021/02/20 19:48:42 Node 2 is ready to begin a round.
worker4:	2021/02/20 19:48:42 Vertex 36 has been colored with 2.
worker4:	2021/02/20 19:48:42 Vertex 36 has been colored with 2.
worker4:	2021/02/20 19:48:42 Vertex 36 has been colored with 2.
worker3:	2021/02/20 19:48:42 Beginning new round: 10 vertices to be colored
worker4:	2021/02/20 19:48:42 Node 2 is ready to begin a round.
worker3:	2021/02/20 19:48:42 Vertex 49 has been colored with 3.
worker4:	2021/02/20 19:48:42 Vertex 49 has been colored with 3.
worker3:	2021/02/20 19:48:42 Vertex 49 has been colored with 3.
worker3:	2021/02/20 19:48:42 Vertex 49 has been colored with 3.
worker4:	2021/02/20 19:48:42 Vertex 42 has been colored with 3.
worker3:	2021/02/20 19:48:42 Vertex 49 has been colored with 3.
worker4:	2021/02/20 19:48:42 Vertex 42 has been colored with 3.
worker4:	2021/02/20 19:48:42 Vertex 42 has been colored with 3.
worker3:	2021/02/20 19:48:42 Vertex 42 has been colored with 3.
worker4:	2021/02/20 19:48:42 Vertex 42 has been colored with 3.
worker3:	2021/02/20 19:48:42 Vertex 39 has been colored with 3.
worker4:	2021/02/20 19:48:42 Vertex 39 has been colored with 3.
worker3:	2021/02/20 19:48:42 Vertex 39 has been colored with 3.
worker1:	2021/02/20 19:48:42 Node 3 has finished a round.
worker4:	2021/02/20 19:48:42 Vertex 39 has been colored with 3.
worker3:	2021/02/20 19:48:42 Vertex 39 has been colored with 3.
worker4:	2021/02/20 19:48:42 Vertex 29 has been colored with 2.
worker3:	2021/02/20 19:48:42 Vertex 39 has been colored with 3.
worker4:	2021/02/20 19:48:42 Vertex 32 has been colored with 3.
worker3:	2021/02/20 19:48:42 Vertex 32 has been colored with 3.
worker4:	2021/02/20 19:48:42 Node 1 has finished a round.
worker3:	2021/02/20 19:48:42 Vertex 32 has been colored with 3.
worker3:	2021/02/20 19:48:42 Vertex 32 has been colored with 3.
worker2:	2021/02/20 19:48:42 Node 3 has finished a round.
worker4:	2021/02/20 19:48:42 Vertex 55 has been colored with 2.
worker3:	2021/02/20 19:48:42 Vertex 32 has been colored with 3.
worker4:	2021/02/20 19:48:42 Vertex 57 has been colored with 1.
worker3:	2021/02/20 19:48:42 Vertex 32 has been colored with 3.
worker4:	2021/02/20 19:48:42 Vertex 57 has been colored with 1.
worker3:	2021/02/20 19:48:42 Vertex 32 has been colored with 3.
worker4:	2021/02/20 19:48:42 Vertex 58 has been colored with 1.
worker3:	2021/02/20 19:48:42 Node 2 has finished a round.
worker4:	2021/02/20 19:48:42 Vertex 58 has been colored with 1.
worker4:	2021/02/20 19:48:42 Vertex 59 has been colored with 1.
worker4:	2021/02/20 19:48:42 Vertex 59 has been colored with 1.
worker4:	2021/02/20 19:48:42 Vertex 59 has been colored with 1.
worker4:	2021/02/20 19:48:42 Vertex 59 has been colored with 1.
worker4:	2021/02/20 19:48:42 Vertex 59 has been colored with 1.
worker4:	2021/02/20 19:48:42 Vertex 60 has been colored with 3.
worker4:	2021/02/20 19:48:42 Vertex 61 has been colored with 1.
worker4:	2021/02/20 19:48:42 Vertex 61 has been colored with 1.
worker4:	2021/02/20 19:48:42 Vertex 62 has been colored with 2.
worker4:	2021/02/20 19:48:42 Vertex 62 has been colored with 2.
worker4:	2021/02/20 19:48:42 Vertex 62 has been colored with 2.
worker4:	2021/02/20 19:48:42 Vertex 63 has been colored with 2.
worker4:	2021/02/20 19:48:42 Vertex 64 has been colored with 2.
worker4:	2021/02/20 19:48:42 Vertex 64 has been colored with 2.
worker4:	2021/02/20 19:48:42 Vertex 64 has been colored with 2.
worker4:	2021/02/20 19:48:42 Vertex 65 has been colored with 2.
worker4:	2021/02/20 19:48:42 Vertex 65 has been colored with 2.
worker4:	2021/02/20 19:48:42 Vertex 66 has been colored with 1.
worker4:	2021/02/20 19:48:42 Vertex 66 has been colored with 1.
worker4:	2021/02/20 19:48:42 Vertex 32 has been colored with 3.
worker4:	2021/02/20 19:48:42 Vertex 32 has been colored with 3.
worker4:	2021/02/20 19:48:42 Vertex 32 has been colored with 3.
worker4:	2021/02/20 19:48:42 Vertex 32 has been colored with 3.
worker4:	2021/02/20 19:48:42 Vertex 32 has been colored with 3.
worker4:	2021/02/20 19:48:42 Vertex 32 has been colored with 3.
worker4:	2021/02/20 19:48:42 Vertex 32 has been colored with 3.
worker4:	2021/02/20 19:48:42 Vertex 32 has been colored with 3.
worker4:	2021/02/20 19:48:42 Vertex 32 has been colored with 3.
worker4:	2021/02/20 19:48:42 Vertex 31 has been colored with 5.
worker4:	2021/02/20 19:48:42 Vertex 43 has been colored with 4.
worker4:	2021/02/20 19:48:42 Vertex 47 has been colored with 3.
worker4:	2021/02/20 19:48:42 Node 2 has finished a round.
worker4:	2021/02/20 19:48:42 Vertex 66 has been colored with 1.
worker4:	2021/02/20 19:48:42 Vertex 67 has been colored with 1.
worker4:	2021/02/20 19:48:42 Vertex 67 has been colored with 1.
worker4:	2021/02/20 19:48:42 Vertex 69 has been colored with 3.
worker4:	2021/02/20 19:48:42 Vertex 69 has been colored with 3.
worker4:	2021/02/20 19:48:42 Vertex 70 has been colored with 1.
worker4:	2021/02/20 19:48:42 Vertex 70 has been colored with 1.
worker4:	2021/02/20 19:48:42 Vertex 71 has been colored with 2.
worker4:	2021/02/20 19:48:42 Vertex 72 has been colored with 2.
worker4:	2021/02/20 19:48:42 Vertex 72 has been colored with 2.
worker4:	2021/02/20 19:48:42 Vertex 72 has been colored with 2.
worker4:	2021/02/20 19:48:42 Vertex 72 has been colored with 2.
worker4:	2021/02/20 19:48:42 Vertex 72 has been colored with 2.
worker4:	2021/02/20 19:48:42 Vertex 73 has been colored with 3.
worker4:	2021/02/20 19:48:42 Vertex 73 has been colored with 3.
worker4:	2021/02/20 19:48:42 Vertex 73 has been colored with 3.
worker4:	2021/02/20 19:48:42 Vertex 73 has been colored with 3.
worker4:	2021/02/20 19:48:42 Vertex 74 has been colored with 1.
worker4:	2021/02/20 19:48:42 Node 3 is ready to begin a round.
worker4:	2021/02/20 19:48:42 Vertex 52 has been colored with 4.
worker4:	2021/02/20 19:48:42 Vertex 51 has been colored with 4.
worker4:	2021/02/20 19:48:42 Vertex 51 has been colored with 4.
worker4:	2021/02/20 19:48:42 Vertex 51 has been colored with 4.
worker4:	2021/02/20 19:48:42 Vertex 51 has been colored with 4.
worker4:	2021/02/20 19:48:42 Vertex 74 has been colored with 4.
worker4:	2021/02/20 19:48:42 Vertex 70 has been colored with 4.
worker4:	2021/02/20 19:48:42 Vertex 70 has been colored with 4.
worker4:	2021/02/20 19:48:42 Vertex 70 has been colored with 4.
worker4:	2021/02/20 19:48:42 Vertex 70 has been colored with 4.
worker4:	2021/02/20 19:48:42 Vertex 71 has been colored with 3.
worker4:	2021/02/20 19:48:42 Node 3 has finished a round.
worker4:	2021/02/20 19:48:42 Beginning new round: 20 vertices to be colored
worker1:	2021/02/20 19:48:42 Node 4 has finished a round.
worker1:	2021/02/20 19:48:42 Beginning conflict resolution stage
worker3:	2021/02/20 19:48:42 Node 4 has finished a round.
worker2:	2021/02/20 19:48:42 Node 4 has finished a round.
worker3:	2021/02/20 19:48:42 Beginning conflict resolution stage
worker2:	2021/02/20 19:48:42 Beginning conflict resolution stage
worker2:	2021/02/20 19:48:42 Node 1 has finished processing.
server :	2021/02/20 19:48:42 Node 1 has finished processing.
worker4:	2021/02/20 19:48:42 Node 1 has finished processing.
worker2:	2021/02/20 19:48:42 
25: 2; 32, 57, 58, 67, 79, 64, 70, 41, 89, 0, 13, 51, 
26: 2; 1, 55, 78, 69, 64, 39, 41, 75, 88, 
27: 2; 2, 59, 62, 67, 63, 38, 64, 82, 72, 41, 51, 
28: 2; 3, 6, 11, 15, 94, 96, 37, 63, 71, 73, 49, 
29: 2; 92, 7, 9, 48, 
30: 1; 3, 16, 98, 78, 67, 72, 83, 88, 
31: 5; 93, 2, 8, 11, 14, 22, 23, 56, 57, 34, 36, 79, 68, 84, 76, 
32: 3; 54, 97, 0, 2, 4, 6, 13, 22, 25, 33, 99, 61, 70, 82, 43, 86, 89, 
33: 2; 55, 32, 63, 72, 73, 
34: 4; 93, 54, 98, 31, 80, 82, 42, 47, 48, 
35: 1; 57, 8, 11, 22, 65, 70, 83, 
36: 2; 99, 2, 8, 14, 17, 21, 31, 66, 78, 69, 81, 84, 74, 
37: 4; 2, 28, 74, 87, 48, 89, 90, 
38: 1; 94, 96, 78, 3, 11, 18, 27, 40, 
39: 3; 52, 54, 79, 7, 20, 26, 70, 73, 43, 86, 
40: 2; 57, 63, 0, 3, 9, 18, 38, 74, 46, 48, 
41: 1; 52, 58, 99, 60, 66, 63, 70, 25, 26, 27, 84, 42, 85, 
42: 3; 91, 97, 80, 83, 0, 3, 14, 16, 23, 34, 41, 50, 
43: 4; 91, 66, 67, 79, 70, 0, 4, 6, 16, 20, 32, 39, 87, 47, 
44: 3; 53, 95, 59, 79, 82, 6, 18, 45, 76, 77, 89, 
45: 2; 55, 96, 61, 73, 8, 21, 44, 47, 
46: 1; 93, 56, 63, 81, 74, 5, 13, 40, 76, 
47: 3; 96, 61, 86, 0, 4, 19, 23, 34, 43, 45, 
48: 3; 93, 54, 65, 60, 63, 80, 87, 22, 29, 34, 37, 40, 89, 
49: 3; 53, 55, 56, 61, 83, 0, 15, 28, 

worker2:	2021/02/20 19:48:42 Synchronizing start of round...
worker4:	2021/02/20 19:48:42 Beginning conflict resolution stage
worker1:	2021/02/20 19:48:42 Node 2 is ready to begin a round.
worker4:	2021/02/20 19:48:42 Vertex 44 has been colored with 3.
worker4:	2021/02/20 19:48:42 Vertex 44 has been colored with 3.
worker4:	2021/02/20 19:48:42 Vertex 44 has been colored with 3.
worker4:	2021/02/20 19:48:42 Vertex 44 has been colored with 3.
worker4:	2021/02/20 19:48:42 Vertex 44 has been colored with 3.
worker4:	2021/02/20 19:48:42 Vertex 44 has been colored with 3.
worker4:	2021/02/20 19:48:42 Vertex 32 has been colored with 3.
worker4:	2021/02/20 19:48:42 Vertex 32 has been colored with 3.
worker4:	2021/02/20 19:48:42 Vertex 32 has been colored with 3.
worker4:	2021/02/20 19:48:42 Vertex 32 has been colored with 3.
worker4:	2021/02/20 19:48:42 Vertex 32 has been colored with 3.
worker4:	2021/02/20 19:48:42 Vertex 44 has been colored with 3.
worker4:	2021/02/20 19:48:42 Vertex 44 has been colored with 3.
worker1:	2021/02/20 19:48:42 Final graph:
0: 1; 52, 32, 59, 12, 79, 69, 80, 14, 40, 42, 73, 43, 86, 87, 47, 49, 25, 
1: 1; 26, 52, 57, 98, 12, 86, 87, 
2: 1; 91, 27, 4, 31, 96, 56, 32, 99, 11, 36, 37, 64, 70, 74, 87, 89, 90, 
3: 2; 92, 28, 30, 6, 9, 38, 40, 42, 
4: 2; 2, 5, 97, 32, 63, 84, 43, 47, 24, 
5: 1; 4, 11, 83, 85, 74, 20, 46, 76, 88, 24, 51, 
6: 1; 28, 3, 32, 61, 67, 43, 44, 76, 23, 
7: 1; 53, 29, 55, 97, 11, 79, 39, 71, 72, 88, 51, 
8: 1; 53, 95, 31, 99, 35, 36, 68, 82, 45, 89, 24, 
9: 3; 29, 3, 13, 15, 40, 72, 
10: 1; 56, 57, 62, 67, 69, 80, 81, 82, 87, 22, 
11: 3; 28, 93, 31, 97, 2, 5, 7, 35, 12, 38, 81, 75, 77, 50, 
12: 2; 53, 0, 1, 11, 61, 79, 73, 21, 88, 76, 89, 
13: 1; 32, 98, 60, 62, 9, 70, 85, 75, 46, 77, 25, 
14: 2; 92, 55, 31, 57, 36, 0, 70, 84, 42, 
15: 1; 28, 99, 65, 67, 79, 68, 82, 9, 84, 88, 77, 49, 50, 
16: 1; 30, 98, 71, 42, 43, 22, 
17: 2; 91, 96, 58, 36, 18, 
18: 1; 95, 99, 38, 40, 85, 17, 44, 86, 76, 22, 89, 50, 
19: 1; 54, 95, 97, 59, 72, 47, 
20: 2; 65, 63, 39, 82, 73, 43, 5, 21, 
21: 1; 91, 93, 55, 57, 65, 36, 78, 67, 45, 12, 20, 
22: 2; 55, 31, 32, 57, 35, 71, 73, 10, 16, 18, 48, 51, 
23: 2; 31, 96, 97, 99, 72, 83, 84, 42, 85, 74, 47, 6, 
24: 3; 93, 54, 56, 58, 61, 68, 74, 87, 4, 5, 8, 

worker4:	2021/02/20 19:48:42 Vertex 44 has been colored with 3.
worker1:	2021/02/20 19:48:42 Done.
worker4:	2021/02/20 19:48:42 Vertex 44 has been colored with 3.
worker4:	2021/02/20 19:48:42 Vertex 44 has been colored with 3.
worker4:	2021/02/20 19:48:42 Vertex 44 has been colored with 3.
worker4:	2021/02/20 19:48:42 Vertex 31 has been colored with 5.
worker4:	2021/02/20 19:48:42 Vertex 31 has been colored with 5.
worker4:	2021/02/20 19:48:42 Vertex 31 has been colored with 5.
worker4:	2021/02/20 19:48:42 Vertex 43 has been colored with 4.
worker4:	2021/02/20 19:48:42 Vertex 43 has been colored with 4.
worker4:	2021/02/20 19:48:42 Vertex 47 has been colored with 3.
worker4:	2021/02/20 19:48:42 Vertex 37 has been colored with 4.
worker4:	2021/02/20 19:48:42 Vertex 37 has been colored with 4.
worker4:	2021/02/20 19:48:42 Vertex 37 has been colored with 4.
worker4:	2021/02/20 19:48:42 Node 2 is ready to begin a round.
worker3:	2021/02/20 19:48:42 
50: 1; 54, 69, 75, 88, 90, 11, 15, 18, 42, 
51: 4; 91, 94, 54, 60, 78, 82, 71, 73, 5, 7, 22, 25, 27, 
52: 4; 0, 1, 39, 41, 60, 64, 77, 
53: 0; 7, 8, 12, 44, 49, 55, 65, 62, 72, 
54: 2; 19, 24, 32, 34, 39, 48, 50, 51, 56, 98, 60, 66, 70, 86, 
55: 2; 7, 14, 21, 22, 26, 33, 45, 49, 53, 58, 78, 69, 83, 84, 
56: 1; 2, 10, 24, 31, 46, 49, 54, 63, 72, 
57: 1; 1, 10, 14, 21, 22, 25, 31, 35, 40, 86, 77, 
58: 1; 93, 94, 17, 24, 25, 41, 55, 
59: 1; 96, 0, 19, 27, 44, 65, 82, 84, 75, 76, 
60: 3; 91, 13, 41, 65, 48, 51, 52, 54, 
61: 1; 91, 92, 6, 12, 24, 32, 45, 47, 49, 
62: 2; 10, 13, 27, 53, 79, 68, 69, 83, 73, 90, 
63: 2; 91, 4, 20, 27, 28, 33, 40, 41, 46, 48, 56, 
64: 2; 99, 79, 2, 25, 26, 27, 52, 87, 
65: 2; 15, 20, 21, 35, 48, 53, 59, 60, 80, 81, 73, 
66: 1; 94, 97, 36, 41, 43, 54, 68, 72, 89, 
67: 1; 96, 6, 10, 15, 21, 25, 27, 30, 43, 81, 
68: 3; 8, 15, 24, 31, 62, 66, 
69: 3; 95, 0, 10, 26, 36, 50, 55, 62, 86, 
70: 4; 93, 2, 13, 14, 25, 32, 35, 39, 41, 43, 54, 82, 73, 
71: 3; 7, 16, 22, 28, 51, 90, 
72: 4; 92, 94, 98, 79, 7, 9, 19, 23, 27, 30, 33, 53, 56, 66, 77, 
73: 3; 93, 94, 0, 12, 20, 22, 28, 33, 39, 45, 51, 62, 65, 70, 74, 87, 77, 
74: 4; 93, 2, 5, 23, 24, 36, 37, 40, 46, 73, 

worker3:	2021/02/20 19:48:42 Synchronizing start of round...
worker2:	2021/02/20 19:48:42 Node 3 is ready to begin a round.
worker4:	2021/02/20 19:48:42 Vertex 72 has been colored with 4.
worker3:	2021/02/20 19:48:42 Vertex 44 has been colored with 3.
worker4:	2021/02/20 19:48:42 Vertex 72 has been colored with 4.
worker3:	2021/02/20 19:48:42 Node 1 has finished processing.
worker4:	2021/02/20 19:48:42 Vertex 72 has been colored with 4.
worker4:	2021/02/20 19:48:42 Vertex 72 has been colored with 4.
worker3:	2021/02/20 19:48:42 Vertex 32 has been colored with 3.
worker4:	2021/02/20 19:48:42 Vertex 72 has been colored with 4.
worker4:	2021/02/20 19:48:42 Vertex 52 has been colored with 4.
worker3:	2021/02/20 19:48:42 Vertex 44 has been colored with 3.
worker4:	2021/02/20 19:48:42 Vertex 52 has been colored with 4.
worker3:	2021/02/20 19:48:42 Vertex 31 has been colored with 5.
worker4:	2021/02/20 19:48:42 Node 3 is ready to begin a round.
worker3:	2021/02/20 19:48:42 Vertex 31 has been colored with 5.
worker3:	2021/02/20 19:48:42 Vertex 43 has been colored with 4.
worker3:	2021/02/20 19:48:42 Vertex 43 has been colored with 4.
worker3:	2021/02/20 19:48:42 Vertex 47 has been colored with 3.
worker3:	2021/02/20 19:48:42 Vertex 37 has been colored with 4.
worker3:	2021/02/20 19:48:42 Vertex 44 has been colored with 3.
worker3:	2021/02/20 19:48:42 Vertex 32 has been colored with 3.
worker3:	2021/02/20 19:48:42 Vertex 32 has been colored with 3.
worker3:	2021/02/20 19:48:42 Vertex 44 has been colored with 3.
worker3:	2021/02/20 19:48:42 Vertex 31 has been colored with 5.
worker3:	2021/02/20 19:48:42 Vertex 43 has been colored with 4.
worker3:	2021/02/20 19:48:42 Node 2 is ready to begin a round.
worker4:	2021/02/20 19:48:42 
75: 1; 96, 99, 11, 13, 26, 50, 59, 86, 76, 
76: 0; 5, 6, 12, 18, 31, 44, 46, 59, 75, 
77: 1; 95, 11, 13, 15, 44, 52, 57, 72, 73, 
78: 0; 93, 21, 26, 30, 36, 38, 51, 55, 
79: 0; 95, 97, 0, 7, 12, 15, 25, 31, 39, 43, 44, 62, 64, 72, 
80: 0; 93, 94, 0, 10, 34, 42, 48, 65, 87, 
81: 0; 10, 11, 36, 46, 65, 67, 
82: 0; 98, 8, 10, 15, 20, 27, 32, 34, 44, 51, 59, 70, 
83: 1; 5, 23, 30, 35, 42, 49, 55, 62, 87, 89, 
84: 3; 4, 14, 15, 23, 31, 36, 41, 55, 59, 88, 
85: 0; 92, 5, 13, 18, 23, 41, 
86: 2; 0, 1, 18, 32, 39, 47, 54, 57, 69, 75, 
87: 2; 0, 1, 2, 10, 24, 37, 43, 48, 64, 73, 80, 83, 89, 
88: 0; 91, 97, 5, 7, 12, 15, 26, 30, 50, 84, 
89: 3; 2, 8, 12, 18, 25, 32, 37, 44, 48, 66, 83, 87, 
90: 0; 2, 37, 50, 62, 71, 
91: 5; 2, 17, 21, 42, 43, 51, 60, 61, 63, 88, 97, 
92: 3; 3, 14, 29, 61, 72, 85, 
93: 2; 11, 21, 24, 31, 34, 46, 48, 58, 70, 73, 74, 78, 80, 96, 97, 
94: 2; 28, 38, 51, 58, 66, 72, 73, 80, 
95: 2; 8, 18, 19, 44, 69, 77, 79, 
96: 3; 2, 17, 23, 28, 38, 45, 47, 59, 67, 75, 93, 97, 
97: 4; 4, 7, 11, 19, 23, 32, 42, 66, 79, 88, 91, 93, 96, 
98: 2; 1, 13, 16, 30, 34, 54, 72, 82, 
99: 0; 2, 8, 15, 18, 23, 32, 36, 41, 64, 75, 

worker4:	2021/02/20 19:48:42 Synchronizing start of round...
worker2:	2021/02/20 19:48:42 Node 4 is ready to begin a round.
worker4:	2021/02/20 19:48:42 Beginning new round: 0 vertices to be colored
worker3:	2021/02/20 19:48:42 Node 4 is ready to begin a round.
worker2:	2021/02/20 19:48:42 Beginning new round: 0 vertices to be colored
worker3:	2021/02/20 19:48:42 Beginning new round: 0 vertices to be colored
worker1:	2021/02/20 19:48:42 Node 4 has finished a round.
worker1:	2021/02/20 19:48:42 Node 3 has finished a round.
worker3:	2021/02/20 19:48:42 Node 2 has finished a round.
worker2:	2021/02/20 19:48:42 Node 3 has finished a round.
worker1:	2021/02/20 19:48:42 Node 2 has finished a round.
worker2:	2021/02/20 19:48:42 Node 4 has finished a round.
worker4:	2021/02/20 19:48:42 Node 2 has finished a round.
worker4:	2021/02/20 19:48:42 Node 3 has finished a round.
worker2:	2021/02/20 19:48:42 Beginning conflict resolution stage
worker3:	2021/02/20 19:48:42 Node 4 has finished a round.
worker3:	2021/02/20 19:48:42 Beginning conflict resolution stage
worker4:	2021/02/20 19:48:42 Beginning conflict resolution stage
server :	2021/02/20 19:48:42 Node 2 has finished processing.
worker4:	2021/02/20 19:48:42 Node 2 has finished processing.
server :	2021/02/20 19:48:42 Node 3 has finished processing.
server :	2021/02/20 19:48:42 Node 4 has finished processing.
worker2:	2021/02/20 19:48:42 Node 3 has finished processing.
server :	2021/02/20 19:48:42 Done.
worker4:	2021/02/20 19:48:42 Node 3 has finished processing.
worker2:	2021/02/20 19:48:42 Node 4 has finished processing.
worker3:	2021/02/20 19:48:42 Final graph:
50: 1; 54, 69, 75, 88, 90, 11, 15, 18, 42, 
51: 4; 91, 94, 54, 60, 78, 82, 71, 73, 5, 7, 22, 25, 27, 
52: 4; 0, 1, 39, 41, 60, 64, 77, 
53: 0; 7, 8, 12, 44, 49, 55, 65, 62, 72, 
54: 2; 19, 24, 32, 34, 39, 48, 50, 51, 56, 98, 60, 66, 70, 86, 
55: 2; 7, 14, 21, 22, 26, 33, 45, 49, 53, 58, 78, 69, 83, 84, 
56: 1; 2, 10, 24, 31, 46, 49, 54, 63, 72, 
57: 1; 1, 10, 14, 21, 22, 25, 31, 35, 40, 86, 77, 
58: 1; 93, 94, 17, 24, 25, 41, 55, 
59: 1; 96, 0, 19, 27, 44, 65, 82, 84, 75, 76, 
60: 3; 91, 13, 41, 65, 48, 51, 52, 54, 
61: 1; 91, 92, 6, 12, 24, 32, 45, 47, 49, 
62: 2; 10, 13, 27, 53, 79, 68, 69, 83, 73, 90, 
63: 2; 91, 4, 20, 27, 28, 33, 40, 41, 46, 48, 56, 
64: 2; 99, 79, 2, 25, 26, 27, 52, 87, 
65: 2; 15, 20, 21, 35, 48, 53, 59, 60, 80, 81, 73, 
66: 1; 94, 97, 36, 41, 43, 54, 68, 72, 89, 
67: 1; 96, 6, 10, 15, 21, 25, 27, 30, 43, 81, 
68: 3; 8, 15, 24, 31, 62, 66, 
69: 3; 95, 0, 10, 26, 36, 50, 55, 62, 86, 
70: 4; 93, 2, 13, 14, 25, 32, 35, 39, 41, 43, 54, 82, 73, 
71: 3; 7, 16, 22, 28, 51, 90, 
72: 4; 92, 94, 98, 79, 7, 9, 19, 23, 27, 30, 33, 53, 56, 66, 77, 
73: 3; 93, 94, 0, 12, 20, 22, 28, 33, 39, 45, 51, 62, 65, 70, 74, 87, 77, 
74: 4; 93, 2, 5, 23, 24, 36, 37, 40, 46, 73, 

worker4:	2021/02/20 19:48:42 Final graph:
75: 1; 96, 99, 11, 13, 26, 50, 59, 86, 76, 
76: 0; 5, 6, 12, 18, 31, 44, 46, 59, 75, 
77: 1; 95, 11, 13, 15, 44, 52, 57, 72, 73, 
78: 0; 93, 21, 26, 30, 36, 38, 51, 55, 
79: 0; 95, 97, 0, 7, 12, 15, 25, 31, 39, 43, 44, 62, 64, 72, 
80: 0; 93, 94, 0, 10, 34, 42, 48, 65, 87, 
81: 0; 10, 11, 36, 46, 65, 67, 
82: 0; 98, 8, 10, 15, 20, 27, 32, 34, 44, 51, 59, 70, 
83: 1; 5, 23, 30, 35, 42, 49, 55, 62, 87, 89, 
84: 3; 4, 14, 15, 23, 31, 36, 41, 55, 59, 88, 
85: 0; 92, 5, 13, 18, 23, 41, 
86: 2; 0, 1, 18, 32, 39, 47, 54, 57, 69, 75, 
87: 2; 0, 1, 2, 10, 24, 37, 43, 48, 64, 73, 80, 83, 89, 
88: 0; 91, 97, 5, 7, 12, 15, 26, 30, 50, 84, 
89: 3; 2, 8, 12, 18, 25, 32, 37, 44, 48, 66, 83, 87, 
90: 0; 2, 37, 50, 62, 71, 
91: 5; 2, 17, 21, 42, 43, 51, 60, 61, 63, 88, 97, 
92: 3; 3, 14, 29, 61, 72, 85, 
93: 2; 11, 21, 24, 31, 34, 46, 48, 58, 70, 73, 74, 78, 80, 96, 97, 
94: 2; 28, 38, 51, 58, 66, 72, 73, 80, 
95: 2; 8, 18, 19, 44, 69, 77, 79, 
96: 3; 2, 17, 23, 28, 38, 45, 47, 59, 67, 75, 93, 97, 
97: 4; 4, 7, 11, 19, 23, 32, 42, 66, 79, 88, 91, 93, 96, 
98: 2; 1, 13, 16, 30, 34, 54, 72, 82, 
99: 0; 2, 8, 15, 18, 23, 32, 36, 41, 64, 75, 

worker3:	2021/02/20 19:48:42 Done.
worker4:	2021/02/20 19:48:42 Done.
worker2:	2021/02/20 19:48:42 Final graph:
25: 2; 32, 57, 58, 67, 79, 64, 70, 41, 89, 0, 13, 51, 
26: 2; 1, 55, 78, 69, 64, 39, 41, 75, 88, 
27: 2; 2, 59, 62, 67, 63, 38, 64, 82, 72, 41, 51, 
28: 2; 3, 6, 11, 15, 94, 96, 37, 63, 71, 73, 49, 
29: 2; 92, 7, 9, 48, 
30: 1; 3, 16, 98, 78, 67, 72, 83, 88, 
31: 5; 93, 2, 8, 11, 14, 22, 23, 56, 57, 34, 36, 79, 68, 84, 76, 
32: 3; 54, 97, 0, 2, 4, 6, 13, 22, 25, 33, 99, 61, 70, 82, 43, 86, 89, 
33: 2; 55, 32, 63, 72, 73, 
34: 4; 93, 54, 98, 31, 80, 82, 42, 47, 48, 
35: 1; 57, 8, 11, 22, 65, 70, 83, 
36: 2; 99, 2, 8, 14, 17, 21, 31, 66, 78, 69, 81, 84, 74, 
37: 4; 2, 28, 74, 87, 48, 89, 90, 
38: 1; 94, 96, 78, 3, 11, 18, 27, 40, 
39: 3; 52, 54, 79, 7, 20, 26, 70, 73, 43, 86, 
40: 2; 57, 63, 0, 3, 9, 18, 38, 74, 46, 48, 
41: 1; 52, 58, 99, 60, 66, 63, 70, 25, 26, 27, 84, 42, 85, 
42: 3; 91, 97, 80, 83, 0, 3, 14, 16, 23, 34, 41, 50, 
43: 4; 91, 66, 67, 79, 70, 0, 4, 6, 16, 20, 32, 39, 87, 47, 
44: 3; 53, 95, 59, 79, 82, 6, 18, 45, 76, 77, 89, 
45: 2; 55, 96, 61, 73, 8, 21, 44, 47, 
46: 1; 93, 56, 63, 81, 74, 5, 13, 40, 76, 
47: 3; 96, 61, 86, 0, 4, 19, 23, 34, 43, 45, 
48: 3; 93, 54, 65, 60, 63, 80, 87, 22, 29, 34, 37, 40, 89, 
49: 3; 53, 55, 56, 61, 83, 0, 15, 28, 

worker2:	2021/02/20 19:48:42 Done.
worker4:	2021/02/20 19:48:42 Connection to 127.0.0.1:52312 closed.
worker3:	2021/02/20 19:48:42 Connection to 127.0.0.1:35684 closed.
worker2:	2021/02/20 19:48:42 Connection to 127.0.0.1:36398 closed.
worker1:	2021/02/20 19:48:42 Connection to 127.0.0.1:33962 closed.
